Using pre-set license
Built from '2022.3/china_unity/release' branch; Version is '2022.3.40f1c1 (0bae6c114c78) revision 765548'; Using compiler version '192829333'; Build Type 'Release'
OS: 'Windows 11  (10.0.22631) 64bit CoreCountrySpecific' Language: 'zh' Physical Memory: 16115 MB
BatchMode: 1, IsHumanControllingUs: 0, StartBugReporterOnCrash: 0, Is64bit: 1, IsPro: 1

COMMAND LINE ARGUMENTS:
C:\Program Files\Unity\Hub\Editor\2022.3.40f1c1\Editor\Unity.exe
-adb2
-batchMode
-noUpm
-name
AssetImportWorker0
-projectPath
D:/git浠搴/2.5D-Forest-Sence
-logFile
Logs/AssetImportWorker0.log
-srvPort
60550
Successfully changed project path to: D:/git浠搴/2.5D-Forest-Sence
D:/git浠搴/2.5D-Forest-Sence
[UnityMemory] Configuration Parameters - Can be set up in boot.config
    "memorysetup-bucket-allocator-granularity=16"
    "memorysetup-bucket-allocator-bucket-count=8"
    "memorysetup-bucket-allocator-block-size=33554432"
    "memorysetup-bucket-allocator-block-count=8"
    "memorysetup-main-allocator-block-size=16777216"
    "memorysetup-thread-allocator-block-size=16777216"
    "memorysetup-gfx-main-allocator-block-size=16777216"
    "memorysetup-gfx-thread-allocator-block-size=16777216"
    "memorysetup-cache-allocator-block-size=4194304"
    "memorysetup-typetree-allocator-block-size=2097152"
    "memorysetup-profiler-bucket-allocator-granularity=16"
    "memorysetup-profiler-bucket-allocator-bucket-count=8"
    "memorysetup-profiler-bucket-allocator-block-size=33554432"
    "memorysetup-profiler-bucket-allocator-block-count=8"
    "memorysetup-profiler-allocator-block-size=16777216"
    "memorysetup-profiler-editor-allocator-block-size=1048576"
    "memorysetup-temp-allocator-size-main=16777216"
    "memorysetup-job-temp-allocator-block-size=2097152"
    "memorysetup-job-temp-allocator-block-size-background=1048576"
    "memorysetup-job-temp-allocator-reduction-small-platforms=262144"
    "memorysetup-allocator-temp-initial-block-size-main=262144"
    "memorysetup-allocator-temp-initial-block-size-worker=262144"
    "memorysetup-temp-allocator-size-background-worker=32768"
    "memorysetup-temp-allocator-size-job-worker=262144"
    "memorysetup-temp-allocator-size-preload-manager=33554432"
    "memorysetup-temp-allocator-size-nav-mesh-worker=65536"
    "memorysetup-temp-allocator-size-audio-worker=65536"
    "memorysetup-temp-allocator-size-cloud-worker=32768"
    "memorysetup-temp-allocator-size-gi-baking-worker=262144"
    "memorysetup-temp-allocator-size-gfx=262144"
Player connection [28176]  Target information:

Player connection [28176]  * "[IP] 192.168.71.118 [Port] 0 [Flags] 2 [Guid] 1650350172 [EditorId] 1650350172 [Version] 1048832 [Id] WindowsEditor(7,huang) [Debug] 1 [PackageName] WindowsEditor [ProjectName] Editor" 

Player connection [28176] Host joined multi-casting on [225.0.0.222:54997]...
Player connection [28176] Host joined alternative multi-casting on [225.0.0.222:34997]...
[PhysX] Initialized MultithreadedTaskDispatcher with 16 workers.
Refreshing native plugins compatible for Editor in 8.50 ms, found 2 plugins.
Preloading 0 native plugins for Editor in 0.00 ms.
Initialize engine version: 2022.3.40f1c1 (0bae6c114c78)
[Subsystems] Discovering subsystems at path C:/Program Files/Unity/Hub/Editor/2022.3.40f1c1/Editor/Data/Resources/UnitySubsystems
[Subsystems] Discovering subsystems at path D:/git浠搴/2.5D-Forest-Sence/Assets
GfxDevice: creating device client; threaded=0; jobified=0
Direct3D:
    Version:  Direct3D 11.0 [level 11.1]
    Renderer: NVIDIA GeForce RTX 4060 Laptop GPU (ID=0x28a0)
    Vendor:   NVIDIA
    VRAM:     7971 MB
    Driver:   31.0.15.2892
Initialize mono
Mono path[0] = 'C:/Program Files/Unity/Hub/Editor/2022.3.40f1c1/Editor/Data/Managed'
Mono path[1] = 'C:/Program Files/Unity/Hub/Editor/2022.3.40f1c1/Editor/Data/MonoBleedingEdge/lib/mono/unityjit-win32'
Mono config path = 'C:/Program Files/Unity/Hub/Editor/2022.3.40f1c1/Editor/Data/MonoBleedingEdge/etc'
Using monoOptions --debugger-agent=transport=dt_socket,embedding=1,server=y,suspend=n,address=127.0.0.1:56172
Begin MonoManager ReloadAssembly
Registering precompiled unity dll's ...
Register platform support module: C:/Program Files/Unity/Hub/Editor/2022.3.40f1c1/Editor/Data/PlaybackEngines/WebGLSupport/UnityEditor.WebGL.Extensions.dll
Register platform support module: C:/Program Files/Unity/Hub/Editor/2022.3.40f1c1/Editor/Data/PlaybackEngines/WindowsStandaloneSupport/UnityEditor.WindowsStandalone.Extensions.dll
Registered in 0.018313 seconds.
- Loaded All Assemblies, in  0.450 seconds
Native extension for WindowsStandalone target not found
Native extension for WebGL target not found
Mono: successfully reloaded assembly
- Finished resetting the current domain, in  0.317 seconds
Domain Reload Profiling: 762ms
	BeginReloadAssembly (134ms)
		ExecutionOrderSort (0ms)
		DisableScriptedObjects (0ms)
		BackupInstance (0ms)
		ReleaseScriptingObjects (0ms)
		CreateAndSetChildDomain (1ms)
	RebuildCommonClasses (39ms)
	RebuildNativeTypeToScriptingClass (11ms)
	initialDomainReloadingComplete (85ms)
	LoadAllAssembliesAndSetupDomain (174ms)
		LoadAssemblies (130ms)
		RebuildTransferFunctionScriptingTraits (0ms)
		AnalyzeDomain (171ms)
			TypeCache.Refresh (169ms)
				TypeCache.ScanAssembly (151ms)
			ScanForSourceGeneratedMonoScriptInfo (1ms)
			ResolveRequiredComponents (1ms)
	FinalizeReload (318ms)
		ReleaseScriptCaches (0ms)
		RebuildScriptCaches (0ms)
		SetupLoadedEditorAssemblies (260ms)
			LogAssemblyErrors (0ms)
			InitializePlatformSupportModulesInManaged (12ms)
			SetLoadedEditorAssemblies (6ms)
			RefreshPlugins (0ms)
			BeforeProcessingInitializeOnLoad (2ms)
			ProcessInitializeOnLoadAttributes (175ms)
			ProcessInitializeOnLoadMethodAttributes (65ms)
			AfterProcessingInitializeOnLoad (0ms)
			EditorAssembliesLoaded (0ms)
		ExecutionOrderSort2 (0ms)
		AwakeInstancesAfterBackupRestoration (0ms)
========================================================================
Worker process is ready to serve import requests
Caller must complete domain reload
Begin MonoManager ReloadAssembly
- Loaded All Assemblies, in  0.601 seconds
Native extension for WindowsStandalone target not found
Native extension for WebGL target not found
Package Manager log level set to [2]
[Package Manager] Server::EnsureServerProcessIsRunning -- launch failed, reason: Unity was launched with the -noUpm command-line argument
[Package Manager] UpmClient::Send -- Unable to send message (not connected to UPM process).
[Package Manager] Cannot connect to Unity Package Manager local server
Mono: successfully reloaded assembly
- Finished resetting the current domain, in  0.638 seconds
Domain Reload Profiling: 1234ms
	BeginReloadAssembly (181ms)
		ExecutionOrderSort (0ms)
		DisableScriptedObjects (8ms)
		BackupInstance (0ms)
		ReleaseScriptingObjects (0ms)
		CreateAndSetChildDomain (34ms)
	RebuildCommonClasses (40ms)
	RebuildNativeTypeToScriptingClass (10ms)
	initialDomainReloadingComplete (46ms)
	LoadAllAssembliesAndSetupDomain (318ms)
		LoadAssemblies (307ms)
		RebuildTransferFunctionScriptingTraits (0ms)
		AnalyzeDomain (109ms)
			TypeCache.Refresh (94ms)
				TypeCache.ScanAssembly (78ms)
			ScanForSourceGeneratedMonoScriptInfo (12ms)
			ResolveRequiredComponents (3ms)
	FinalizeReload (638ms)
		ReleaseScriptCaches (0ms)
		RebuildScriptCaches (0ms)
		SetupLoadedEditorAssemblies (468ms)
			LogAssemblyErrors (0ms)
			InitializePlatformSupportModulesInManaged (10ms)
			SetLoadedEditorAssemblies (4ms)
			RefreshPlugins (0ms)
			BeforeProcessingInitializeOnLoad (59ms)
			ProcessInitializeOnLoadAttributes (340ms)
			ProcessInitializeOnLoadMethodAttributes (41ms)
			AfterProcessingInitializeOnLoad (14ms)
			EditorAssembliesLoaded (0ms)
		ExecutionOrderSort2 (0ms)
		AwakeInstancesAfterBackupRestoration (13ms)
Launched and connected shader compiler UnityShaderCompiler.exe after 0.08 seconds
Refreshing native plugins compatible for Editor in 2.59 ms, found 2 plugins.
Preloading 0 native plugins for Editor in 0.00 ms.
Unloading 1495 Unused Serialized files (Serialized files now loaded: 0)
Unloading 18 unused Assets / (52.2 KB). Loaded Objects now: 1970.
Memory consumption went from 83.3 MB to 83.3 MB.
Total: 4.135700 ms (FindLiveObjects: 0.235400 ms CreateObjectMapping: 0.078600 ms MarkObjects: 3.696100 ms  DeleteObjects: 0.123300 ms)

AssetImportParameters requested are different than current active one (requested -> active):
  custom:video-encoder-webm-vp8: eb34c28f22e8b96e1ab97ce403110664 -> 
  custom:video-decoder-webm-vp8: 9c59270c3fd7afecdb556c50c9e8de78 -> 
  custom:audio-decoder-ogg-vorbis: bf7c407c2cedff20999df2af8eb42d56 -> 
  custom:SearchIndexIgnoredProperties: e643bd26f0fe6173181afceb89e7c659 -> 
  custom:container-demuxer-ogg: 62fdf1f143b41e24485cea50d1cbac27 -> 
  custom:AudioImporter_EditorPlatform: d09bf68614088b80899f8185d706f6e7 -> 
  custom:CustomObjectIndexerAttribute: 9a22284fe3817be447336de3de66b15e -> 
  custom:container-demuxer-webm: 4f35f7cbe854078d1ac9338744f61a02 -> 
  custom:video-codec-MediaFoundation-h265: 746d11721c4dcdbdad8f713fa42b33f4 -> 
  custom:video-decoder-ogg-theora: a1e56fd34408186e4bbccfd4996cb3dc -> 
  custom:audio-encoder-webm-vorbis: bf7c407c2cedff20999df2af8eb42d56 -> 
  custom:framework-win-MediaFoundation: 216162199b28c13a410421893ffa2e32 -> 
  custom:container-muxer-webm: aa71ff27fc2769a1b78a27578f13a17b -> 
========================================================================
Received Import Request.
  Time since last request: 370693.393665 seconds.
  path: Assets/Tile/Source/tileset-sliced_37.asset
  artifactKey: Guid(a3e8008d90346a741b8a518a51f57245) Importer(815301076,1909f56bfc062723c751e8b465ee728b)
Start importing Assets/Tile/Source/tileset-sliced_37.asset using Guid(a3e8008d90346a741b8a518a51f57245) Importer(815301076,1909f56bfc062723c751e8b465ee728b) [PhysX] Initialized MultithreadedTaskDispatcher with 16 workers.
 -> (artifact id: 'aa602a788c51907ce7a71e05e35e6af4') in 0.088438 seconds
Number of updated asset objects reloaded before import = 0
Number of asset objects unloaded after import = 3
========================================================================
Received Import Request.
  Time since last request: 0.000059 seconds.
  path: Assets/Tile/Source/tileset-sliced_6.asset
  artifactKey: Guid(b9403e511dce33d4b8d249ca10a6d30c) Importer(815301076,1909f56bfc062723c751e8b465ee728b)
Start importing Assets/Tile/Source/tileset-sliced_6.asset using Guid(b9403e511dce33d4b8d249ca10a6d30c) Importer(815301076,1909f56bfc062723c751e8b465ee728b) [PhysX] Initialized MultithreadedTaskDispatcher with 16 workers.
 -> (artifact id: 'c7ddd5668716da1aee90e6c00267d552') in 0.006103 seconds
Number of updated asset objects reloaded before import = 0
Number of asset objects unloaded after import = 3
========================================================================
Received Import Request.
  Time since last request: 0.000028 seconds.
  path: Assets/Tile/Source/tileset-sliced_55.asset
  artifactKey: Guid(858aff03834ff7e428a932fcdce83a4b) Importer(815301076,1909f56bfc062723c751e8b465ee728b)
Start importing Assets/Tile/Source/tileset-sliced_55.asset using Guid(858aff03834ff7e428a932fcdce83a4b) Importer(815301076,1909f56bfc062723c751e8b465ee728b) [PhysX] Initialized MultithreadedTaskDispatcher with 16 workers.
 -> (artifact id: 'c660f541d12b95dbfdbbc36188de78ca') in 0.007195 seconds
Number of updated asset objects reloaded before import = 0
Number of asset objects unloaded after import = 3
========================================================================
Received Import Request.
  Time since last request: 0.000028 seconds.
  path: Assets/Tile/Source/tileset-sliced_34.asset
  artifactKey: Guid(96a068461bb2ca84b875bbae8032d2a3) Importer(815301076,1909f56bfc062723c751e8b465ee728b)
Start importing Assets/Tile/Source/tileset-sliced_34.asset using Guid(96a068461bb2ca84b875bbae8032d2a3) Importer(815301076,1909f56bfc062723c751e8b465ee728b) [PhysX] Initialized MultithreadedTaskDispatcher with 16 workers.
 -> (artifact id: '9afbf5fd30f2343f51353bb3548606fe') in 0.005189 seconds
Number of updated asset objects reloaded before import = 0
Number of asset objects unloaded after import = 3
========================================================================
Received Import Request.
  Time since last request: 0.000021 seconds.
  path: Assets/Tile/Source
  artifactKey: Guid(4856fe8f35b18614f957c6c9e967e9f4) Importer(815301076,1909f56bfc062723c751e8b465ee728b)
Start importing Assets/Tile/Source using Guid(4856fe8f35b18614f957c6c9e967e9f4) Importer(815301076,1909f56bfc062723c751e8b465ee728b) [PhysX] Initialized MultithreadedTaskDispatcher with 16 workers.
 -> (artifact id: 'c14c038607852e8fcf6401d1df2b7fb4') in 0.000499 seconds
Number of updated asset objects reloaded before import = 0
Number of asset objects unloaded after import = 0
========================================================================
Received Import Request.
  Time since last request: 0.000044 seconds.
  path: Assets/Tile/Source/tileset-sliced_17.asset
  artifactKey: Guid(1f04715880ad60a40bc9498efa5c5254) Importer(815301076,1909f56bfc062723c751e8b465ee728b)
Start importing Assets/Tile/Source/tileset-sliced_17.asset using Guid(1f04715880ad60a40bc9498efa5c5254) Importer(815301076,1909f56bfc062723c751e8b465ee728b) [PhysX] Initialized MultithreadedTaskDispatcher with 16 workers.
 -> (artifact id: '472e32659373058cb1af7c7acf329bca') in 0.005652 seconds
Number of updated asset objects reloaded before import = 0
Number of asset objects unloaded after import = 3
========================================================================
Received Import Request.
  Time since last request: 0.000017 seconds.
  path: Assets/Tile/Source/tileset-sliced_30.asset
  artifactKey: Guid(09b456a7e9d1dc945ba05e856076d30c) Importer(815301076,1909f56bfc062723c751e8b465ee728b)
Start importing Assets/Tile/Source/tileset-sliced_30.asset using Guid(09b456a7e9d1dc945ba05e856076d30c) Importer(815301076,1909f56bfc062723c751e8b465ee728b) [PhysX] Initialized MultithreadedTaskDispatcher with 16 workers.
 -> (artifact id: '3a871c9da31ba36ad0120627ffc4c264') in 0.014009 seconds
Number of updated asset objects reloaded before import = 0
Number of asset objects unloaded after import = 3
========================================================================
Received Import Request.
  Time since last request: 0.000027 seconds.
  path: Assets/Tile/Source/tileset-sliced_32.asset
  artifactKey: Guid(e7716ce9907f25e42ac661b02e15c4a1) Importer(815301076,1909f56bfc062723c751e8b465ee728b)
Start importing Assets/Tile/Source/tileset-sliced_32.asset using Guid(e7716ce9907f25e42ac661b02e15c4a1) Importer(815301076,1909f56bfc062723c751e8b465ee728b) [PhysX] Initialized MultithreadedTaskDispatcher with 16 workers.
 -> (artifact id: 'dd5da364f102469b86fcf30786e3fe42') in 0.010748 seconds
Number of updated asset objects reloaded before import = 0
Number of asset objects unloaded after import = 3
========================================================================
Received Import Request.
  Time since last request: 0.000025 seconds.
  path: Assets/Tile/Source/tileset-sliced_29.asset
  artifactKey: Guid(8dd46e9ae42f5ec429c9ea04094f442d) Importer(815301076,1909f56bfc062723c751e8b465ee728b)
Start importing Assets/Tile/Source/tileset-sliced_29.asset using Guid(8dd46e9ae42f5ec429c9ea04094f442d) Importer(815301076,1909f56bfc062723c751e8b465ee728b) [PhysX] Initialized MultithreadedTaskDispatcher with 16 workers.
 -> (artifact id: '5303b511d7a7834df6946beaa4119102') in 0.006660 seconds
Number of updated asset objects reloaded before import = 0
Number of asset objects unloaded after import = 3
========================================================================
Received Import Request.
  Time since last request: 0.000022 seconds.
  path: Assets/Tile/Source/tileset-sliced_11.asset
  artifactKey: Guid(ae36db8ab6178b6469880b8f40794a4c) Importer(815301076,1909f56bfc062723c751e8b465ee728b)
Start importing Assets/Tile/Source/tileset-sliced_11.asset using Guid(ae36db8ab6178b6469880b8f40794a4c) Importer(815301076,1909f56bfc062723c751e8b465ee728b) [PhysX] Initialized MultithreadedTaskDispatcher with 16 workers.
 -> (artifact id: '3156b93f111ea65bfd89a2dea2ac3cea') in 0.007315 seconds
Number of updated asset objects reloaded before import = 0
Number of asset objects unloaded after import = 3
========================================================================
Received Import Request.
  Time since last request: 0.000017 seconds.
  path: Assets/Tile/Source/tileset-sliced_13.asset
  artifactKey: Guid(b93e6bc0454c89549a4d7d938540ebc3) Importer(815301076,1909f56bfc062723c751e8b465ee728b)
Start importing Assets/Tile/Source/tileset-sliced_13.asset using Guid(b93e6bc0454c89549a4d7d938540ebc3) Importer(815301076,1909f56bfc062723c751e8b465ee728b) [PhysX] Initialized MultithreadedTaskDispatcher with 16 workers.
 -> (artifact id: 'ab2143597ad34618f0e2f5fb18c075ba') in 0.006330 seconds
Number of updated asset objects reloaded before import = 0
Number of asset objects unloaded after import = 3
========================================================================
Received Import Request.
  Time since last request: 0.000024 seconds.
  path: Assets/Tile/Source/tileset-sliced_54.asset
  artifactKey: Guid(86940c8ec086ed645b8b2a89fe2daa93) Importer(815301076,1909f56bfc062723c751e8b465ee728b)
Start importing Assets/Tile/Source/tileset-sliced_54.asset using Guid(86940c8ec086ed645b8b2a89fe2daa93) Importer(815301076,1909f56bfc062723c751e8b465ee728b) [PhysX] Initialized MultithreadedTaskDispatcher with 16 workers.
 -> (artifact id: '28b15a8cd2d6ee2344e84efcf5c61faa') in 0.011227 seconds
Number of updated asset objects reloaded before import = 0
Number of asset objects unloaded after import = 3
========================================================================
Received Import Request.
  Time since last request: 0.000031 seconds.
  path: Assets/Tile/Source/tileset-sliced_39.asset
  artifactKey: Guid(4f6b6c42f7b660640a152e25b41d4fa8) Importer(815301076,1909f56bfc062723c751e8b465ee728b)
Start importing Assets/Tile/Source/tileset-sliced_39.asset using Guid(4f6b6c42f7b660640a152e25b41d4fa8) Importer(815301076,1909f56bfc062723c751e8b465ee728b) [PhysX] Initialized MultithreadedTaskDispatcher with 16 workers.
 -> (artifact id: '5e593cd9ce5247083c1468c3f5f87231') in 0.018601 seconds
Number of updated asset objects reloaded before import = 0
Number of asset objects unloaded after import = 3
========================================================================
Received Import Request.
  Time since last request: 0.000021 seconds.
  path: Assets/Tile/Source/tileset-sliced_53.asset
  artifactKey: Guid(69f089f096e8a254dbfe7037ef752a96) Importer(815301076,1909f56bfc062723c751e8b465ee728b)
Start importing Assets/Tile/Source/tileset-sliced_53.asset using Guid(69f089f096e8a254dbfe7037ef752a96) Importer(815301076,1909f56bfc062723c751e8b465ee728b) [PhysX] Initialized MultithreadedTaskDispatcher with 16 workers.
 -> (artifact id: '44f3c377aeeded3fb052cbe8b545604e') in 0.006010 seconds
Number of updated asset objects reloaded before import = 0
Number of asset objects unloaded after import = 3
========================================================================
Received Import Request.
  Time since last request: 0.000033 seconds.
  path: Assets/Tile/Palette/Palette.prefab
  artifactKey: Guid(630271e1e14e8ca42b5032db878a04fc) Importer(815301076,1909f56bfc062723c751e8b465ee728b)
Start importing Assets/Tile/Palette/Palette.prefab using Guid(630271e1e14e8ca42b5032db878a04fc) Importer(815301076,1909f56bfc062723c751e8b465ee728b) [PhysX] Initialized MultithreadedTaskDispatcher with 16 workers.
[PhysX] Initialized MultithreadedTaskDispatcher with 16 workers.
 -> (artifact id: '928825125cf10f61ac3633c260d55eec') in 0.382251 seconds
Number of updated asset objects reloaded before import = 0
Number of asset objects unloaded after import = 811
========================================================================
Received Import Request.
  Time since last request: 88.129948 seconds.
  path: Assets/Tile/Palette/Palette.prefab
  artifactKey: Guid(630271e1e14e8ca42b5032db878a04fc) Importer(815301076,1909f56bfc062723c751e8b465ee728b)
Start importing Assets/Tile/Palette/Palette.prefab using Guid(630271e1e14e8ca42b5032db878a04fc) Importer(815301076,1909f56bfc062723c751e8b465ee728b) [PhysX] Initialized MultithreadedTaskDispatcher with 16 workers.
[PhysX] Initialized MultithreadedTaskDispatcher with 16 workers.
 -> (artifact id: '95cd4242380072ffeed842a72878902b') in 0.255106 seconds
Number of updated asset objects reloaded before import = 0
Number of asset objects unloaded after import = 811
========================================================================
Received Import Request.
  Time since last request: 12.924591 seconds.
  path: Assets/Tile/Palette/Palette.prefab
  artifactKey: Guid(630271e1e14e8ca42b5032db878a04fc) Importer(815301076,1909f56bfc062723c751e8b465ee728b)
Start importing Assets/Tile/Palette/Palette.prefab using Guid(630271e1e14e8ca42b5032db878a04fc) Importer(815301076,1909f56bfc062723c751e8b465ee728b) [PhysX] Initialized MultithreadedTaskDispatcher with 16 workers.
[PhysX] Initialized MultithreadedTaskDispatcher with 16 workers.
 -> (artifact id: '3700264d3fdb446fb1b4518c28b205c0') in 0.162640 seconds
Number of updated asset objects reloaded before import = 0
Number of asset objects unloaded after import = 811
========================================================================
Received Import Request.
  Time since last request: 123.357011 seconds.
  path: Assets/Tile/Palette/Palette.prefab
  artifactKey: Guid(630271e1e14e8ca42b5032db878a04fc) Importer(815301076,1909f56bfc062723c751e8b465ee728b)
Start importing Assets/Tile/Palette/Palette.prefab using Guid(630271e1e14e8ca42b5032db878a04fc) Importer(815301076,1909f56bfc062723c751e8b465ee728b) [PhysX] Initialized MultithreadedTaskDispatcher with 16 workers.
[PhysX] Initialized MultithreadedTaskDispatcher with 16 workers.
 -> (artifact id: '0a50fb3170290922bc04a969dfda3d6f') in 0.170074 seconds
Number of updated asset objects reloaded before import = 0
Number of asset objects unloaded after import = 811
========================================================================
Received Import Request.
  Time since last request: 10.393886 seconds.
  path: Assets/Tile/Palette/Palette.prefab
  artifactKey: Guid(630271e1e14e8ca42b5032db878a04fc) Importer(815301076,1909f56bfc062723c751e8b465ee728b)
Start importing Assets/Tile/Palette/Palette.prefab using Guid(630271e1e14e8ca42b5032db878a04fc) Importer(815301076,1909f56bfc062723c751e8b465ee728b) [PhysX] Initialized MultithreadedTaskDispatcher with 16 workers.
[PhysX] Initialized MultithreadedTaskDispatcher with 16 workers.
 -> (artifact id: '110e4c716a5c50b653b378153e6edf91') in 0.169177 seconds
Number of updated asset objects reloaded before import = 0
Number of asset objects unloaded after import = 811
========================================================================
Received Import Request.
  Time since last request: 4.823903 seconds.
  path: Assets/Tile/Palette/Palette.prefab
  artifactKey: Guid(630271e1e14e8ca42b5032db878a04fc) Importer(815301076,1909f56bfc062723c751e8b465ee728b)
Start importing Assets/Tile/Palette/Palette.prefab using Guid(630271e1e14e8ca42b5032db878a04fc) Importer(815301076,1909f56bfc062723c751e8b465ee728b) [PhysX] Initialized MultithreadedTaskDispatcher with 16 workers.
[PhysX] Initialized MultithreadedTaskDispatcher with 16 workers.
 -> (artifact id: '11175ce69301ba6845aa8025c0d40489') in 0.169321 seconds
Number of updated asset objects reloaded before import = 0
Number of asset objects unloaded after import = 811
========================================================================
Received Import Request.
  Time since last request: 32.393036 seconds.
  path: Packages/com.unity.2d.tilemap/package.json
  artifactKey: Guid(51797d68d3132bb419217a229e09fc47) Importer(815301076,1909f56bfc062723c751e8b465ee728b)
Start importing Packages/com.unity.2d.tilemap/package.json using Guid(51797d68d3132bb419217a229e09fc47) Importer(815301076,1909f56bfc062723c751e8b465ee728b) [PhysX] Initialized MultithreadedTaskDispatcher with 16 workers.
 -> (artifact id: 'c2a440708a656cb09e48b04397500d34') in 0.001045 seconds
Number of updated asset objects reloaded before import = 0
Number of asset objects unloaded after import = 1
========================================================================
Received Import Request.
  Time since last request: 7.301173 seconds.
  path: Assets/Tiny RPG Forest/Artwork
  artifactKey: Guid(2997bd1d056ed4d788a6a187a0745a62) Importer(815301076,1909f56bfc062723c751e8b465ee728b)
Start importing Assets/Tiny RPG Forest/Artwork using Guid(2997bd1d056ed4d788a6a187a0745a62) Importer(815301076,1909f56bfc062723c751e8b465ee728b) [PhysX] Initialized MultithreadedTaskDispatcher with 16 workers.
 -> (artifact id: '59a27059e0f28808642b22970029ea9a') in 0.000804 seconds
Number of updated asset objects reloaded before import = 0
Number of asset objects unloaded after import = 0
========================================================================
Received Import Request.
  Time since last request: 1.052268 seconds.
  path: Assets/Tiny RPG Forest/Artwork/Environment
  artifactKey: Guid(100acaa2162c04f3c80ed7ec436e4f6a) Importer(815301076,1909f56bfc062723c751e8b465ee728b)
Start importing Assets/Tiny RPG Forest/Artwork/Environment using Guid(100acaa2162c04f3c80ed7ec436e4f6a) Importer(815301076,1909f56bfc062723c751e8b465ee728b) [PhysX] Initialized MultithreadedTaskDispatcher with 16 workers.
 -> (artifact id: '6fac6238cb9e47509d6fbdc20520bfba') in 0.000612 seconds
Number of updated asset objects reloaded before import = 0
Number of asset objects unloaded after import = 0
========================================================================
Received Import Request.
  Time since last request: 0.070690 seconds.
  path: Assets/Tiny RPG Forest/Artwork/Environment/tileset.png
  artifactKey: Guid(fa9008ba27d044823835d85918621932) Importer(815301076,1909f56bfc062723c751e8b465ee728b)
Start importing Assets/Tiny RPG Forest/Artwork/Environment/tileset.png using Guid(fa9008ba27d044823835d85918621932) Importer(815301076,1909f56bfc062723c751e8b465ee728b) [PhysX] Initialized MultithreadedTaskDispatcher with 16 workers.
[PhysX] Initialized MultithreadedTaskDispatcher with 16 workers.
 -> (artifact id: '2699f6a76a784c4321bf49d6112f3c0a') in 0.032547 seconds
Number of updated asset objects reloaded before import = 0
Number of asset objects unloaded after import = 3
========================================================================
Received Import Request.
  Time since last request: 1.094108 seconds.
  path: Assets/Tiny RPG Forest/Artwork/Environment/sliced-objects
  artifactKey: Guid(6b598df917e2f4bc1ab4004a1d4eed1b) Importer(815301076,1909f56bfc062723c751e8b465ee728b)
Start importing Assets/Tiny RPG Forest/Artwork/Environment/sliced-objects using Guid(6b598df917e2f4bc1ab4004a1d4eed1b) Importer(815301076,1909f56bfc062723c751e8b465ee728b) [PhysX] Initialized MultithreadedTaskDispatcher with 16 workers.
 -> (artifact id: '59bf29ef25e2320ca176f17930d8852c') in 0.000571 seconds
Number of updated asset objects reloaded before import = 0
Number of asset objects unloaded after import = 0
========================================================================
Received Import Request.
  Time since last request: 0.069331 seconds.
  path: Assets/Tiny RPG Forest/Artwork/Environment/sliced-objects/bush.png
  artifactKey: Guid(dbc624f7b3a644dcf989e434e63d9a98) Importer(815301076,1909f56bfc062723c751e8b465ee728b)
Start importing Assets/Tiny RPG Forest/Artwork/Environment/sliced-objects/bush.png using Guid(dbc624f7b3a644dcf989e434e63d9a98) Importer(815301076,1909f56bfc062723c751e8b465ee728b) [PhysX] Initialized MultithreadedTaskDispatcher with 16 workers.
[PhysX] Initialized MultithreadedTaskDispatcher with 16 workers.
 -> (artifact id: '630e384a0384f8e724c02cb7a9ed055c') in 0.007077 seconds
Number of updated asset objects reloaded before import = 0
Number of asset objects unloaded after import = 3
========================================================================
Received Import Request.
  Time since last request: 0.001713 seconds.
  path: Assets/Tiny RPG Forest/Artwork/Environment/sliced-objects/rock-monument.png
  artifactKey: Guid(2eb82ac66de274383af71b2eb2c75da0) Importer(815301076,1909f56bfc062723c751e8b465ee728b)
Start importing Assets/Tiny RPG Forest/Artwork/Environment/sliced-objects/rock-monument.png using Guid(2eb82ac66de274383af71b2eb2c75da0) Importer(815301076,1909f56bfc062723c751e8b465ee728b) [PhysX] Initialized MultithreadedTaskDispatcher with 16 workers.
[PhysX] Initialized MultithreadedTaskDispatcher with 16 workers.
 -> (artifact id: 'a88a6d42d45331c7de718b07efb9771f') in 0.017684 seconds
Number of updated asset objects reloaded before import = 0
Number of asset objects unloaded after import = 3
========================================================================
Received Import Request.
  Time since last request: 0.000042 seconds.
  path: Assets/Tiny RPG Forest/Artwork/Environment/sliced-objects/trunk.png
  artifactKey: Guid(606bc7833699b46bfb26e8141d2a64a7) Importer(815301076,1909f56bfc062723c751e8b465ee728b)
Start importing Assets/Tiny RPG Forest/Artwork/Environment/sliced-objects/trunk.png using Guid(606bc7833699b46bfb26e8141d2a64a7) Importer(815301076,1909f56bfc062723c751e8b465ee728b) [PhysX] Initialized MultithreadedTaskDispatcher with 16 workers.
[PhysX] Initialized MultithreadedTaskDispatcher with 16 workers.
 -> (artifact id: 'ebe71928087be63f8505078f5572fa68') in 0.010495 seconds
Number of updated asset objects reloaded before import = 0
Number of asset objects unloaded after import = 3
========================================================================
Received Import Request.
  Time since last request: 0.000019 seconds.
  path: Assets/Tiny RPG Forest/Artwork/Environment/sliced-objects/tree-pink.png
  artifactKey: Guid(c008626f5108946299e1a584ba85fa5b) Importer(815301076,1909f56bfc062723c751e8b465ee728b)
Start importing Assets/Tiny RPG Forest/Artwork/Environment/sliced-objects/tree-pink.png using Guid(c008626f5108946299e1a584ba85fa5b) Importer(815301076,1909f56bfc062723c751e8b465ee728b) [PhysX] Initialized MultithreadedTaskDispatcher with 16 workers.
[PhysX] Initialized MultithreadedTaskDispatcher with 16 workers.
 -> (artifact id: '19b9407bdc11712b83b211efd22986f7') in 0.008852 seconds
Number of updated asset objects reloaded before import = 0
Number of asset objects unloaded after import = 3
========================================================================
Received Import Request.
  Time since last request: 0.000030 seconds.
  path: Assets/Tiny RPG Forest/Artwork/Environment/sliced-objects/sign.png
  artifactKey: Guid(b52a57bea9b6a47e096e15fd1bbe2fb0) Importer(815301076,1909f56bfc062723c751e8b465ee728b)
Start importing Assets/Tiny RPG Forest/Artwork/Environment/sliced-objects/sign.png using Guid(b52a57bea9b6a47e096e15fd1bbe2fb0) Importer(815301076,1909f56bfc062723c751e8b465ee728b) [PhysX] Initialized MultithreadedTaskDispatcher with 16 workers.
[PhysX] Initialized MultithreadedTaskDispatcher with 16 workers.
 -> (artifact id: '63f10771d04e56681f322758cbae8dcb') in 0.011118 seconds
Number of updated asset objects reloaded before import = 0
Number of asset objects unloaded after import = 3
========================================================================
Received Import Request.
  Time since last request: 36.197981 seconds.
  path: Assets/Tile/Palette/bush-tall.png
  artifactKey: Guid(2ea716488996f65458e3d413973d8e3a) Importer(815301076,1909f56bfc062723c751e8b465ee728b)
Start importing Assets/Tile/Palette/bush-tall.png using Guid(2ea716488996f65458e3d413973d8e3a) Importer(815301076,1909f56bfc062723c751e8b465ee728b) [PhysX] Initialized MultithreadedTaskDispatcher with 16 workers.
[PhysX] Initialized MultithreadedTaskDispatcher with 16 workers.
 -> (artifact id: 'ed93e5a7a40a8bc5605b25041e41b8fe') in 0.010013 seconds
Number of updated asset objects reloaded before import = 0
Number of asset objects unloaded after import = 3
========================================================================
Received Import Request.
  Time since last request: 0.000072 seconds.
  path: Assets/Tile/Palette/sign.png
  artifactKey: Guid(cff212897a8f6354babe923c357fcfde) Importer(815301076,1909f56bfc062723c751e8b465ee728b)
Start importing Assets/Tile/Palette/sign.png using Guid(cff212897a8f6354babe923c357fcfde) Importer(815301076,1909f56bfc062723c751e8b465ee728b) [PhysX] Initialized MultithreadedTaskDispatcher with 16 workers.
[PhysX] Initialized MultithreadedTaskDispatcher with 16 workers.
 -> (artifact id: 'aa0dc8b46948a1208370dafcf6bb50da') in 0.007137 seconds
Number of updated asset objects reloaded before import = 0
Number of asset objects unloaded after import = 3
========================================================================
Received Import Request.
  Time since last request: 0.000021 seconds.
  path: Assets/Tile/Palette/rock-monument.png
  artifactKey: Guid(5136eaa9fb44776419e32b77334e3ff3) Importer(815301076,1909f56bfc062723c751e8b465ee728b)
Start importing Assets/Tile/Palette/rock-monument.png using Guid(5136eaa9fb44776419e32b77334e3ff3) Importer(815301076,1909f56bfc062723c751e8b465ee728b) [PhysX] Initialized MultithreadedTaskDispatcher with 16 workers.
[PhysX] Initialized MultithreadedTaskDispatcher with 16 workers.
 -> (artifact id: 'ae35a79aef96f2f113ae6e48d06774e2') in 0.006836 seconds
Number of updated asset objects reloaded before import = 0
Number of asset objects unloaded after import = 3
========================================================================
Received Import Request.
  Time since last request: 0.000053 seconds.
  path: Assets/Tile/Palette/tree-dried.png
  artifactKey: Guid(1580edb54abcaa842a3ef0e3dda55738) Importer(815301076,1909f56bfc062723c751e8b465ee728b)
Start importing Assets/Tile/Palette/tree-dried.png using Guid(1580edb54abcaa842a3ef0e3dda55738) Importer(815301076,1909f56bfc062723c751e8b465ee728b) [PhysX] Initialized MultithreadedTaskDispatcher with 16 workers.
[PhysX] Initialized MultithreadedTaskDispatcher with 16 workers.
 -> (artifact id: 'dd196466615d549c1d42836754904c60') in 0.009979 seconds
Number of updated asset objects reloaded before import = 0
Number of asset objects unloaded after import = 3
========================================================================
Received Import Request.
  Time since last request: 0.000024 seconds.
  path: Assets/Tile/Palette/trunk.png
  artifactKey: Guid(ca274cb0f56e9e745a38cac9f25a6487) Importer(815301076,1909f56bfc062723c751e8b465ee728b)
Start importing Assets/Tile/Palette/trunk.png using Guid(ca274cb0f56e9e745a38cac9f25a6487) Importer(815301076,1909f56bfc062723c751e8b465ee728b) [PhysX] Initialized MultithreadedTaskDispatcher with 16 workers.
[PhysX] Initialized MultithreadedTaskDispatcher with 16 workers.
 -> (artifact id: 'c962192c4d1ffa0a7ee0e9daeaab1e53') in 0.006898 seconds
Number of updated asset objects reloaded before import = 0
Number of asset objects unloaded after import = 3
========================================================================
Received Import Request.
  Time since last request: 0.000033 seconds.
  path: Assets/Tile/Palette/tree-orange.png
  artifactKey: Guid(0b3a0901d62557c4787e1ce560985a6c) Importer(815301076,1909f56bfc062723c751e8b465ee728b)
Start importing Assets/Tile/Palette/tree-orange.png using Guid(0b3a0901d62557c4787e1ce560985a6c) Importer(815301076,1909f56bfc062723c751e8b465ee728b) [PhysX] Initialized MultithreadedTaskDispatcher with 16 workers.
[PhysX] Initialized MultithreadedTaskDispatcher with 16 workers.
 -> (artifact id: '1c21ef2c67df40a765ca8c4c732b981d') in 0.006486 seconds
Number of updated asset objects reloaded before import = 0
Number of asset objects unloaded after import = 3
========================================================================
Received Import Request.
  Time since last request: 0.000026 seconds.
  path: Assets/Tile/Palette/tree-pink.png
  artifactKey: Guid(62b95fa59efee2f4d8d6cbac674cfa37) Importer(815301076,1909f56bfc062723c751e8b465ee728b)
Start importing Assets/Tile/Palette/tree-pink.png using Guid(62b95fa59efee2f4d8d6cbac674cfa37) Importer(815301076,1909f56bfc062723c751e8b465ee728b) [PhysX] Initialized MultithreadedTaskDispatcher with 16 workers.
[PhysX] Initialized MultithreadedTaskDispatcher with 16 workers.
 -> (artifact id: 'e3dead46d66c50b824887b8506377376') in 0.007022 seconds
Number of updated asset objects reloaded before import = 0
Number of asset objects unloaded after import = 3
Editor requested this worker to shutdown with reason: Scaling down because of idle timeout
TcpMessagingSession - receive error: operation aborted. errorcode: 995, details: 由于线程退出或应用程序请求，已中止 I/O 操作。
AssetImportWorker is now disconnected from the server
Process exiting
Exiting without the bug reporter. Application will terminate with return code 0